#
# There is insufficient memory for the Java Runtime Environment to continue.
# Native memory allocation (malloc) failed to allocate 130416 bytes for Chunk::new
# Possible reasons:
#   The system is out of physical RAM or swap space
#   The process is running with CompressedOops enabled, and the Java Heap may be blocking the growth of the native heap
# Possible solutions:
#   Reduce memory load on the system
#   Increase physical memory or swap space
#   Check if swap backing store is full
#   Decrease Java heap size (-Xmx/-Xms)
#   Decrease number of Java threads
#   Decrease Java thread stack sizes (-Xss)
#   Set larger code cache with -XX:ReservedCodeCacheSize=
#   JVM is running with Unscaled Compressed Oops mode in which the Java heap is
#     placed in the first 4GB address space. The Java Heap base address is the
#     maximum limit for the native heap growth. Please use -XX:HeapBaseMinAddress
#     to set the Java Heap base and to place the Java Heap above 4GB virtual address.
# This output file may be truncated or incomplete.
#
#  Out of Memory Error (arena.cpp:189), pid=13972, tid=20748
#
# JRE version: OpenJDK Runtime Environment Temurin-17.0.2+8 (17.0.2+8) (build 17.0.2+8)
# Java VM: OpenJDK 64-Bit Server VM Temurin-17.0.2+8 (17.0.2+8, mixed mode, tiered, compressed oops, compressed class ptrs, g1 gc, windows-amd64)
# No core dump will be written. Minidumps are not enabled by default on client versions of Windows
#

---------------  S U M M A R Y ------------

Command Line: -ea -Dfile.encoding=Cp1252 -XX:+ShowCodeDetailsInExceptionMessages org.testng.remote.RemoteTestNG -serport 58567 -protocol json -d C:\Users\abhishek\eclipse-workspace\priya\framework\test-output C:\Users\abhishek\eclipse-workspace\priya\framework\testng.xml

Host: AMD Ryzen 5 5600H with Radeon Graphics         , 12 cores, 7G,  Windows 11 , 64 bit Build 22000 (10.0.22000.708)
Time: Thu Jul 28 19:27:05 2022 Pacific Daylight Time elapsed time: 37.995025 seconds (0d 0h 0m 37s)

---------------  T H R E A D  ---------------

Current thread (0x000001dfff84ade0):  JavaThread "C2 CompilerThread0" daemon [_thread_in_native, id=20748, stack(0x0000006012f00000,0x0000006013000000)]


Current CompileTask:
C2:  37995 3313       4       org.openqa.selenium.json.JsonOutput$$Lambda$340/0x0000000100399770::accept (9 bytes)

Stack: [0x0000006012f00000,0x0000006013000000]
Native frames: (J=compiled Java code, j=interpreted, Vv=VM code, C=native code)
V  [jvm.dll+0x67564a]
V  [jvm.dll+0x82fc04]
V  [jvm.dll+0x8313ae]
V  [jvm.dll+0x831a13]
V  [jvm.dll+0x245235]
V  [jvm.dll+0xabd7b]
V  [jvm.dll+0xac30c]
V  [jvm.dll+0x3631a2]
V  [jvm.dll+0x1bb8e8]
V  [jvm.dll+0x218229]
V  [jvm.dll+0x2174f1]
V  [jvm.dll+0x1a3a8d]
V  [jvm.dll+0x226ef8]
V  [jvm.dll+0x22503c]
V  [jvm.dll+0x7e596b]
V  [jvm.dll+0x7dff2a]
V  [jvm.dll+0x6744d5]
C  [ucrtbase.dll+0x26c0c]
C  [KERNEL32.DLL+0x154e0]
C  [ntdll.dll+0x485b]


---------------  P R O C E S S  ---------------

Threads class SMR info:
_java_thread_list=0x000001df80b5bee0, length=28, elements={
0x000001dfe5092280, 0x000001dfff813020, 0x000001dffeed66c0, 0x000001dffef0ddf0,
0x000001dffef11a00, 0x000001dffef122c0, 0x000001dffef14600, 0x000001dfff84ade0,
0x000001dfff84b6e0, 0x000001dfff8567c0, 0x000001dfff9aa860, 0x000001dfff9c1fa0,
0x000001df80f0a330, 0x000001df824508f0, 0x000001df810f2050, 0x000001df810eb680,
0x000001df830d2920, 0x000001df830d2df0, 0x000001df830d32c0, 0x000001df82840cd0,
0x000001df82842010, 0x000001df828424e0, 0x000001df82841b40, 0x000001df8283f990,
0x000001df828411a0, 0x000001df83993e10, 0x000001df82842e80, 0x000001df8283f4c0
}

Java Threads: ( => current thread )
  0x000001dfe5092280 JavaThread "main" [_thread_blocked, id=9372, stack(0x0000006012200000,0x0000006012300000)]
  0x000001dfff813020 JavaThread "Reference Handler" daemon [_thread_blocked, id=21104, stack(0x0000006012900000,0x0000006012a00000)]
  0x000001dffeed66c0 JavaThread "Finalizer" daemon [_thread_blocked, id=21256, stack(0x0000006012a00000,0x0000006012b00000)]
  0x000001dffef0ddf0 JavaThread "Signal Dispatcher" daemon [_thread_blocked, id=19968, stack(0x0000006012b00000,0x0000006012c00000)]
  0x000001dffef11a00 JavaThread "Attach Listener" daemon [_thread_blocked, id=14160, stack(0x0000006012c00000,0x0000006012d00000)]
  0x000001dffef122c0 JavaThread "Service Thread" daemon [_thread_blocked, id=11584, stack(0x0000006012d00000,0x0000006012e00000)]
  0x000001dffef14600 JavaThread "Monitor Deflation Thread" daemon [_thread_blocked, id=13980, stack(0x0000006012e00000,0x0000006012f00000)]
=>0x000001dfff84ade0 JavaThread "C2 CompilerThread0" daemon [_thread_in_native, id=20748, stack(0x0000006012f00000,0x0000006013000000)]
  0x000001dfff84b6e0 JavaThread "C1 CompilerThread0" daemon [_thread_blocked, id=13196, stack(0x0000006013000000,0x0000006013100000)]
  0x000001dfff8567c0 JavaThread "Sweeper thread" daemon [_thread_blocked, id=2392, stack(0x0000006013100000,0x0000006013200000)]
  0x000001dfff9aa860 JavaThread "Notification Thread" daemon [_thread_blocked, id=22772, stack(0x0000006013200000,0x0000006013300000)]
  0x000001dfff9c1fa0 JavaThread "Common-Cleaner" daemon [_thread_blocked, id=2572, stack(0x0000006013400000,0x0000006013500000)]
  0x000001df80f0a330 JavaThread "ReaderThread" [_thread_in_native, id=14576, stack(0x0000006013700000,0x0000006013800000)]
  0x000001df824508f0 JavaThread "Forwarding quit on session b8fd4089cd1571a305377578bb69efae to remote" [_thread_blocked, id=13524, stack(0x0000006013e00000,0x0000006013f00000)]
  0x000001df810f2050 JavaThread "ForkJoinPool.commonPool-worker-1" daemon [_thread_blocked, id=8488, stack(0x0000006013500000,0x0000006013600000)]
  0x000001df810eb680 JavaThread "AsyncHttpClient-1-1" daemon [_thread_blocked, id=10760, stack(0x0000006013800000,0x0000006013900000)]
  0x000001df830d2920 JavaThread "Exec Default Executor" daemon [_thread_in_native, id=9544, stack(0x0000006014500000,0x0000006014600000)]
  0x000001df830d2df0 JavaThread "Driver Service Executor" daemon [_thread_blocked, id=18448, stack(0x0000006014600000,0x0000006014700000)]
  0x000001df830d32c0 JavaThread "Driver Service Executor" daemon [_thread_blocked, id=12672, stack(0x0000006014700000,0x0000006014800000)]
  0x000001df82840cd0 JavaThread "UrlChecker-2" daemon [_thread_blocked, id=7080, stack(0x0000006014800000,0x0000006014900000)]
  0x000001df82842010 JavaThread "Exec Stream Pumper" daemon [_thread_in_native, id=9672, stack(0x0000006014900000,0x0000006014a00000)]
  0x000001df828424e0 JavaThread "Exec Stream Pumper" daemon [_thread_in_native, id=8764, stack(0x0000006014a00000,0x0000006014b00000)]
  0x000001df82841b40 JavaThread "AsyncHttpClient-1-2" daemon [_thread_in_native, id=20936, stack(0x0000006014d00000,0x0000006014e00000)]
  0x000001df8283f990 JavaThread "AsyncHttpClient-1-3" daemon [_thread_in_native, id=18552, stack(0x0000006014e00000,0x0000006014f00000)]
  0x000001df828411a0 JavaThread "AsyncHttpClient-1-4" daemon [_thread_in_native, id=8388, stack(0x0000006014f00000,0x0000006015000000)]
  0x000001df83993e10 JavaThread "C2 CompilerThread1" daemon [_thread_blocked, id=12780, stack(0x0000006015000000,0x0000006015100000)]
  0x000001df82842e80 JavaThread "Driver Command Executor" daemon [_thread_blocked, id=19912, stack(0x0000006015100000,0x0000006015200000)]
  0x000001df8283f4c0 JavaThread "Driver Command Executor" daemon [_thread_blocked, id=16744, stack(0x0000006015200000,0x0000006015300000)]

Other Threads:
  0x000001dffeef81a0 VMThread "VM Thread" [stack: 0x0000006012800000,0x0000006012900000] [id=300]
  0x000001dfff917650 WatcherThread [stack: 0x0000006013300000,0x0000006013400000] [id=11808]
  0x000001dfe50d19f0 GCTaskThread "GC Thread#0" [stack: 0x0000006012300000,0x0000006012400000] [id=22988]
  0x000001df80b31380 GCTaskThread "GC Thread#1" [stack: 0x0000006013900000,0x0000006013a00000] [id=22864]
  0x000001df82a8c750 GCTaskThread "GC Thread#2" [stack: 0x0000006013a00000,0x0000006013b00000] [id=2516]
  0x000001df826fe3d0 GCTaskThread "GC Thread#3" [stack: 0x0000006013b00000,0x0000006013c00000] [id=15640]
  0x000001df8148aca0 GCTaskThread "GC Thread#4" [stack: 0x0000006013c00000,0x0000006013d00000] [id=19984]
  0x000001df811eff80 GCTaskThread "GC Thread#5" [stack: 0x0000006013d00000,0x0000006013e00000] [id=17428]
  0x000001df8412c600 GCTaskThread "GC Thread#6" [stack: 0x0000006013f00000,0x0000006014000000] [id=13476]
  0x000001df8412c8b0 GCTaskThread "GC Thread#7" [stack: 0x0000006014000000,0x0000006014100000] [id=17540]
  0x000001df83af69e0 GCTaskThread "GC Thread#8" [stack: 0x0000006014100000,0x0000006014200000] [id=23524]
  0x000001df83af6ea0 GCTaskThread "GC Thread#9" [stack: 0x0000006014200000,0x0000006014300000] [id=12432]
  0x000001dfe50e1c10 ConcurrentGCThread "G1 Main Marker" [stack: 0x0000006012400000,0x0000006012500000] [id=23332]
  0x000001dfe50e2620 ConcurrentGCThread "G1 Conc#0" [stack: 0x0000006012500000,0x0000006012600000] [id=22060]
  0x000001df813e8610 ConcurrentGCThread "G1 Conc#1" [stack: 0x0000006014300000,0x0000006014400000] [id=18808]
  0x000001df833ad030 ConcurrentGCThread "G1 Conc#2" [stack: 0x0000006014400000,0x0000006014500000] [id=15012]
  0x000001dffed424b0 ConcurrentGCThread "G1 Refine#0" [stack: 0x0000006012600000,0x0000006012700000] [id=8268]
  0x000001dfe515c9e0 ConcurrentGCThread "G1 Service" [stack: 0x0000006012700000,0x0000006012800000] [id=6984]

Threads with active compile tasks:
C2 CompilerThread0    38015 3313       4       org.openqa.selenium.json.JsonOutput$$Lambda$340/0x0000000100399770::accept (9 bytes)

VM state: not at safepoint (normal execution)

VM Mutex/Monitor currently owned by a thread: None

Heap address: 0x000000008a600000, size: 1882 MB, Compressed Oops mode: 32-bit

CDS archive(s) not mapped
Compressed class space mapped at: 0x0000000100000000-0x0000000140000000, reserved size: 1073741824
Narrow klass base: 0x0000000000000000, Narrow klass shift: 3, Narrow klass range: 0x140000000

GC Precious Log:
 CPUs: 12 total, 12 available
 Memory: 7524M
 Large Page Support: Disabled
 NUMA Support: Disabled
 Compressed Oops: Enabled (32-bit)
 Heap Region Size: 1M
 Heap Min Capacity: 8M
 Heap Initial Capacity: 118M
 Heap Max Capacity: 1882M
 Pre-touch: Disabled
 Parallel Workers: 10
 Concurrent Workers: 3
 Concurrent Refinement Workers: 10
 Periodic GC: Disabled

Heap:
 garbage-first heap   total 74752K, used 45079K [0x000000008a600000, 0x0000000100000000)
  region size 1024K, 24 young (24576K), 2 survivors (2048K)
 Metaspace       used 44358K, committed 44672K, reserved 1089536K
  class space    used 5214K, committed 5376K, reserved 1048576K

Heap Regions: E=young(eden), S=young(survivor), O=old, HS=humongous(starts), HC=humongous(continues), CS=collection set, F=free, OA=open archive, CA=closed archive, TAMS=top-at-mark-start (previous, next)
|   0|0x000000008a600000, 0x000000008a700000, 0x000000008a700000|100%| O|  |TAMS 0x000000008a700000, 0x000000008a600000| Untracked 
|   1|0x000000008a700000, 0x000000008a800000, 0x000000008a800000|100%| O|  |TAMS 0x000000008a800000, 0x000000008a700000| Untracked 
|   2|0x000000008a800000, 0x000000008a900000, 0x000000008a900000|100%| O|  |TAMS 0x000000008a900000, 0x000000008a800000| Untracked 
|   3|0x000000008a900000, 0x000000008aa00000, 0x000000008aa00000|100%| O|  |TAMS 0x000000008aa00000, 0x000000008a900000| Untracked 
|   4|0x000000008aa00000, 0x000000008ab00000, 0x000000008ab00000|100%| O|  |TAMS 0x000000008ab00000, 0x000000008aa00000| Untracked 
|   5|0x000000008ab00000, 0x000000008ac00000, 0x000000008ac00000|100%| O|  |TAMS 0x000000008ac00000, 0x000000008ab00000| Untracked 
|   6|0x000000008ac00000, 0x000000008ad00000, 0x000000008ad00000|100%| O|  |TAMS 0x000000008ad00000, 0x000000008ac00000| Untracked 
|   7|0x000000008ad00000, 0x000000008ae00000, 0x000000008ae00000|100%| O|  |TAMS 0x000000008ae00000, 0x000000008ad00000| Untracked 
|   8|0x000000008ae00000, 0x000000008af00000, 0x000000008af00000|100%| O|  |TAMS 0x000000008af00000, 0x000000008ae00000| Untracked 
|   9|0x000000008af00000, 0x000000008b000000, 0x000000008b000000|100%| O|  |TAMS 0x000000008b000000, 0x000000008af00000| Untracked 
|  10|0x000000008b000000, 0x000000008b100000, 0x000000008b100000|100%| O|  |TAMS 0x000000008b100000, 0x000000008b000000| Untracked 
|  11|0x000000008b100000, 0x000000008b200000, 0x000000008b200000|100%| O|  |TAMS 0x000000008b200000, 0x000000008b100000| Untracked 
|  12|0x000000008b200000, 0x000000008b300000, 0x000000008b300000|100%| O|  |TAMS 0x000000008b300000, 0x000000008b200000| Untracked 
|  13|0x000000008b300000, 0x000000008b400000, 0x000000008b400000|100%| O|  |TAMS 0x000000008b400000, 0x000000008b300000| Untracked 
|  14|0x000000008b400000, 0x000000008b500000, 0x000000008b500000|100%| O|  |TAMS 0x000000008b500000, 0x000000008b400000| Complete 
|  15|0x000000008b500000, 0x000000008b600000, 0x000000008b600000|100%|HS|  |TAMS 0x000000008b600000, 0x000000008b500000| Complete 
|  16|0x000000008b600000, 0x000000008b700000, 0x000000008b700000|100%|HC|  |TAMS 0x000000008b700000, 0x000000008b600000| Complete 
|  17|0x000000008b700000, 0x000000008b800000, 0x000000008b800000|100%|HC|  |TAMS 0x000000008b800000, 0x000000008b700000| Complete 
|  18|0x000000008b800000, 0x000000008b900000, 0x000000008b900000|100%|HC|  |TAMS 0x000000008b900000, 0x000000008b800000| Complete 
|  19|0x000000008b900000, 0x000000008ba00000, 0x000000008ba00000|100%|HC|  |TAMS 0x000000008ba00000, 0x000000008b900000| Complete 
|  20|0x000000008ba00000, 0x000000008bb00000, 0x000000008bb00000|100%| O|  |TAMS 0x000000008bb00000, 0x000000008ba00000| Untracked 
|  21|0x000000008bb00000, 0x000000008bb9c400, 0x000000008bc00000| 61%| O|  |TAMS 0x000000008bb9c400, 0x000000008bb00000| Untracked 
|  22|0x000000008bc00000, 0x000000008bc00000, 0x000000008bd00000|  0%| F|  |TAMS 0x000000008bc00000, 0x000000008bc00000| Untracked 
|  23|0x000000008bd00000, 0x000000008bd00000, 0x000000008be00000|  0%| F|  |TAMS 0x000000008bd00000, 0x000000008bd00000| Untracked 
|  24|0x000000008be00000, 0x000000008be00000, 0x000000008bf00000|  0%| F|  |TAMS 0x000000008be00000, 0x000000008be00000| Untracked 
|  25|0x000000008bf00000, 0x000000008bf00000, 0x000000008c000000|  0%| F|  |TAMS 0x000000008bf00000, 0x000000008bf00000| Untracked 
|  26|0x000000008c000000, 0x000000008c000000, 0x000000008c100000|  0%| F|  |TAMS 0x000000008c000000, 0x000000008c000000| Untracked 
|  27|0x000000008c100000, 0x000000008c100000, 0x000000008c200000|  0%| F|  |TAMS 0x000000008c100000, 0x000000008c100000| Untracked 
|  28|0x000000008c200000, 0x000000008c200000, 0x000000008c300000|  0%| F|  |TAMS 0x000000008c200000, 0x000000008c200000| Untracked 
|  29|0x000000008c300000, 0x000000008c300000, 0x000000008c400000|  0%| F|  |TAMS 0x000000008c300000, 0x000000008c300000| Untracked 
|  30|0x000000008c400000, 0x000000008c400000, 0x000000008c500000|  0%| F|  |TAMS 0x000000008c400000, 0x000000008c400000| Untracked 
|  31|0x000000008c500000, 0x000000008c569bf0, 0x000000008c600000| 41%| S|CS|TAMS 0x000000008c500000, 0x000000008c500000| Complete 
|  32|0x000000008c600000, 0x000000008c700000, 0x000000008c700000|100%| S|CS|TAMS 0x000000008c600000, 0x000000008c600000| Complete 
|  33|0x000000008c700000, 0x000000008c700000, 0x000000008c800000|  0%| F|  |TAMS 0x000000008c700000, 0x000000008c700000| Untracked 
|  34|0x000000008c800000, 0x000000008c800000, 0x000000008c900000|  0%| F|  |TAMS 0x000000008c800000, 0x000000008c800000| Untracked 
|  35|0x000000008c900000, 0x000000008c900000, 0x000000008ca00000|  0%| F|  |TAMS 0x000000008c900000, 0x000000008c900000| Untracked 
|  36|0x000000008ca00000, 0x000000008ca00000, 0x000000008cb00000|  0%| F|  |TAMS 0x000000008ca00000, 0x000000008ca00000| Untracked 
|  37|0x000000008cb00000, 0x000000008cb00000, 0x000000008cc00000|  0%| F|  |TAMS 0x000000008cb00000, 0x000000008cb00000| Untracked 
|  38|0x000000008cc00000, 0x000000008cc00000, 0x000000008cd00000|  0%| F|  |TAMS 0x000000008cc00000, 0x000000008cc00000| Untracked 
|  39|0x000000008cd00000, 0x000000008cd00000, 0x000000008ce00000|  0%| F|  |TAMS 0x000000008cd00000, 0x000000008cd00000| Untracked 
|  40|0x000000008ce00000, 0x000000008ce00000, 0x000000008cf00000|  0%| F|  |TAMS 0x000000008ce00000, 0x000000008ce00000| Untracked 
|  41|0x000000008cf00000, 0x000000008cf00000, 0x000000008d000000|  0%| F|  |TAMS 0x000000008cf00000, 0x000000008cf00000| Untracked 
|  42|0x000000008d000000, 0x000000008d000000, 0x000000008d100000|  0%| F|  |TAMS 0x000000008d000000, 0x000000008d000000| Untracked 
|  43|0x000000008d100000, 0x000000008d100000, 0x000000008d200000|  0%| F|  |TAMS 0x000000008d100000, 0x000000008d100000| Untracked 
|  44|0x000000008d200000, 0x000000008d200000, 0x000000008d300000|  0%| F|  |TAMS 0x000000008d200000, 0x000000008d200000| Untracked 
|  45|0x000000008d300000, 0x000000008d300000, 0x000000008d400000|  0%| F|  |TAMS 0x000000008d300000, 0x000000008d300000| Untracked 
|  46|0x000000008d400000, 0x000000008d400000, 0x000000008d500000|  0%| F|  |TAMS 0x000000008d400000, 0x000000008d400000| Untracked 
|  47|0x000000008d500000, 0x000000008d500000, 0x000000008d600000|  0%| F|  |TAMS 0x000000008d500000, 0x000000008d500000| Untracked 
|  48|0x000000008d600000, 0x000000008d600000, 0x000000008d700000|  0%| F|  |TAMS 0x000000008d600000, 0x000000008d600000| Untracked 
|  49|0x000000008d700000, 0x000000008d700000, 0x000000008d800000|  0%| F|  |TAMS 0x000000008d700000, 0x000000008d700000| Untracked 
|  50|0x000000008d800000, 0x000000008d800000, 0x000000008d900000|  0%| F|  |TAMS 0x000000008d800000, 0x000000008d800000| Untracked 
|  51|0x000000008d900000, 0x000000008d9f09c0, 0x000000008da00000| 93%| E|  |TAMS 0x000000008d900000, 0x000000008d900000| Complete 
|  52|0x000000008da00000, 0x000000008db00000, 0x000000008db00000|100%| E|CS|TAMS 0x000000008da00000, 0x000000008da00000| Complete 
|  53|0x000000008db00000, 0x000000008dc00000, 0x000000008dc00000|100%| E|CS|TAMS 0x000000008db00000, 0x000000008db00000| Complete 
|  54|0x000000008dc00000, 0x000000008dd00000, 0x000000008dd00000|100%| E|CS|TAMS 0x000000008dc00000, 0x000000008dc00000| Complete 
|  55|0x000000008dd00000, 0x000000008de00000, 0x000000008de00000|100%| E|CS|TAMS 0x000000008dd00000, 0x000000008dd00000| Complete 
|  56|0x000000008de00000, 0x000000008df00000, 0x000000008df00000|100%| E|CS|TAMS 0x000000008de00000, 0x000000008de00000| Complete 
|  57|0x000000008df00000, 0x000000008e000000, 0x000000008e000000|100%| E|CS|TAMS 0x000000008df00000, 0x000000008df00000| Complete 
|  58|0x000000008e000000, 0x000000008e100000, 0x000000008e100000|100%| E|CS|TAMS 0x000000008e000000, 0x000000008e000000| Complete 
|  59|0x000000008e100000, 0x000000008e200000, 0x000000008e200000|100%| E|CS|TAMS 0x000000008e100000, 0x000000008e100000| Complete 
|  60|0x000000008e200000, 0x000000008e300000, 0x000000008e300000|100%| E|CS|TAMS 0x000000008e200000, 0x000000008e200000| Complete 
|  61|0x000000008e300000, 0x000000008e400000, 0x000000008e400000|100%| E|CS|TAMS 0x000000008e300000, 0x000000008e300000| Complete 
|  62|0x000000008e400000, 0x000000008e500000, 0x000000008e500000|100%| E|CS|TAMS 0x000000008e400000, 0x000000008e400000| Complete 
|  63|0x000000008e500000, 0x000000008e600000, 0x000000008e600000|100%| E|CS|TAMS 0x000000008e500000, 0x000000008e500000| Complete 
|  64|0x000000008e600000, 0x000000008e700000, 0x000000008e700000|100%| E|CS|TAMS 0x000000008e600000, 0x000000008e600000| Complete 
|  65|0x000000008e700000, 0x000000008e800000, 0x000000008e800000|100%| E|CS|TAMS 0x000000008e700000, 0x000000008e700000| Complete 
|  66|0x000000008e800000, 0x000000008e900000, 0x000000008e900000|100%| E|CS|TAMS 0x000000008e800000, 0x000000008e800000| Complete 
| 104|0x0000000090e00000, 0x0000000090f00000, 0x0000000090f00000|100%| E|CS|TAMS 0x0000000090e00000, 0x0000000090e00000| Complete 
| 105|0x0000000090f00000, 0x0000000091000000, 0x0000000091000000|100%| E|CS|TAMS 0x0000000090f00000, 0x0000000090f00000| Complete 
| 106|0x0000000091000000, 0x0000000091100000, 0x0000000091100000|100%| E|CS|TAMS 0x0000000091000000, 0x0000000091000000| Complete 
| 107|0x0000000091100000, 0x0000000091200000, 0x0000000091200000|100%| E|CS|TAMS 0x0000000091100000, 0x0000000091100000| Complete 
| 108|0x0000000091200000, 0x0000000091300000, 0x0000000091300000|100%| E|CS|TAMS 0x0000000091200000, 0x0000000091200000| Complete 
| 117|0x0000000091b00000, 0x0000000091c00000, 0x0000000091c00000|100%| E|CS|TAMS 0x0000000091b00000, 0x0000000091b00000| Complete 

Card table byte_map: [0x000001dff8040000,0x000001dff83f0000] _byte_map_base: 0x000001dff7bed000

Marking Bits (Prev, Next): (CMBitMap*) 0x000001dfe50d2040, (CMBitMap*) 0x000001dfe50d2000
 Prev Bits: [0x000001dffa510000, 0x000001dffc278000)
 Next Bits: [0x000001dff87a0000, 0x000001dffa508000)

Polling page: 0x000001dfe3070000

Metaspace:

Usage:
  Non-class:     38.23 MB used.
      Class:      5.09 MB used.
       Both:     43.32 MB used.

Virtual space:
  Non-class space:       40.00 MB reserved,      38.38 MB ( 96%) committed,  5 nodes.
      Class space:        1.00 GB reserved,       5.25 MB ( <1%) committed,  1 nodes.
             Both:        1.04 GB reserved,      43.62 MB (  4%) committed. 

Chunk freelists:
   Non-Class:  752.00 KB
       Class:  2.78 MB
        Both:  3.52 MB

MaxMetaspaceSize: unlimited
CompressedClassSpaceSize: 1.00 GB
Initial GC threshold: 21.00 MB
Current GC threshold: 67.94 MB
CDS: off
MetaspaceReclaimPolicy: balanced
 - commit_granule_bytes: 65536.
 - commit_granule_words: 8192.
 - virtual_space_node_default_size: 1048576.
 - enlarge_chunks_in_place: 1.
 - new_chunks_are_fully_committed: 0.
 - uncommit_free_chunks: 1.
 - use_allocation_guard: 0.
 - handle_deallocations: 1.


Internal statistics:

num_allocs_failed_limit: 6.
num_arena_births: 226.
num_arena_deaths: 0.
num_vsnodes_births: 6.
num_vsnodes_deaths: 0.
num_space_committed: 698.
num_space_uncommitted: 0.
num_chunks_returned_to_freelist: 6.
num_chunks_taken_from_freelist: 1210.
num_chunk_merges: 6.
num_chunk_splits: 868.
num_chunks_enlarged: 711.
num_purges: 0.
num_inconsistent_stats: 0.

CodeHeap 'non-profiled nmethods': size=120000Kb used=1770Kb max_used=1770Kb free=118229Kb
 bounds [0x000001dff0210000, 0x000001dff0480000, 0x000001dff7740000]
CodeHeap 'profiled nmethods': size=120000Kb used=6638Kb max_used=6638Kb free=113361Kb
 bounds [0x000001dfe8ce0000, 0x000001dfe9360000, 0x000001dff0210000]
CodeHeap 'non-nmethods': size=5760Kb used=1328Kb max_used=1381Kb free=4432Kb
 bounds [0x000001dfe8740000, 0x000001dfe89b0000, 0x000001dfe8ce0000]
 total_blobs=3986 nmethods=3331 adapters=567
 compilation: enabled
              stopped_count=0, restarted_count=0
 full_count=0

Compilation events (20 events):
Event: 37.971 Thread 0x000001dfff84b6e0 3319       3       io.netty.handler.codec.DefaultHeaders::index (7 bytes)
Event: 37.971 Thread 0x000001dfff84b6e0 nmethod 3319 0x000001dfe9354a10 code [0x000001dfe9354ba0, 0x000001dfe9354cb8]
Event: 37.971 Thread 0x000001dfff84b6e0 3321       3       java.nio.channels.spi.AbstractInterruptibleChannel::isOpen (13 bytes)
Event: 37.971 Thread 0x000001dfff84b6e0 nmethod 3321 0x000001dfe9354d90 code [0x000001dfe9354f20, 0x000001dfe9355098]
Event: 37.971 Thread 0x000001dfff84b6e0 3320       1       io.netty.util.AsciiString::arrayOffset (5 bytes)
Event: 37.971 Thread 0x000001dfff84b6e0 nmethod 3320 0x000001dff03c6b90 code [0x000001dff03c6d20, 0x000001dff03c6df8]
Event: 37.971 Thread 0x000001dfff84b6e0 3318       1       org.openqa.selenium.remote.CommandPayload::getName (5 bytes)
Event: 37.971 Thread 0x000001dfff84b6e0 nmethod 3318 0x000001dff03c6e90 code [0x000001dff03c7020, 0x000001dff03c70f8]
Event: 37.971 Thread 0x000001dfff84b6e0 3322       1       io.netty.handler.codec.http.DefaultHttpMessage::headers (5 bytes)
Event: 37.972 Thread 0x000001dfff84b6e0 nmethod 3322 0x000001dff03c7190 code [0x000001dff03c7320, 0x000001dff03c73f8]
Event: 37.972 Thread 0x000001dfff84ade0 nmethod 3308 0x000001dff03c7490 code [0x000001dff03c7620, 0x000001dff03c7a38]
Event: 37.972 Thread 0x000001dfff84ade0 3312       4       java.lang.Integer::hashCode (8 bytes)
Event: 37.972 Thread 0x000001dfff84b6e0 3323       3       sun.misc.Unsafe::compareAndSwapLong (13 bytes)
Event: 37.972 Thread 0x000001dfff84ade0 nmethod 3312 0x000001dff03c7d10 code [0x000001dff03c7e80, 0x000001dff03c7ef8]
Event: 37.972 Thread 0x000001dfff84ade0 3313       4       org.openqa.selenium.json.JsonOutput$$Lambda$340/0x0000000100399770::accept (9 bytes)
Event: 37.972 Thread 0x000001dfff84b6e0 nmethod 3323 0x000001dfe9355110 code [0x000001dfe93552a0, 0x000001dfe93553d8]
Event: 37.973 Thread 0x000001dfff84b6e0 3324       3       io.netty.channel.socket.nio.NioSocketChannel::javaChannel (8 bytes)
Event: 37.973 Thread 0x000001dfff84b6e0 nmethod 3324 0x000001dfe9355490 code [0x000001dfe9355620, 0x000001dfe9355838]
Event: 37.974 Thread 0x000001df83993e10 nmethod 3310 0x000001dff03c8010 code [0x000001dff03c81a0, 0x000001dff03c83d8]
Event: 37.974 Thread 0x000001df83993e10 3314       4       org.openqa.selenium.json.JsonOutput::lambda$asString$34 (37 bytes)

GC Heap History (20 events):
Event: 1.550 GC heap before
{Heap before GC invocations=1 (full 0):
 garbage-first heap   total 120832K, used 32523K [0x000000008a600000, 0x0000000100000000)
  region size 1024K, 28 young (28672K), 3 survivors (3072K)
 Metaspace       used 20041K, committed 20224K, reserved 1073152K
  class space    used 2042K, committed 2112K, reserved 1048576K
}
Event: 1.555 GC heap after
{Heap after GC invocations=2 (full 0):
 garbage-first heap   total 120832K, used 10683K [0x000000008a600000, 0x0000000100000000)
  region size 1024K, 4 young (4096K), 4 survivors (4096K)
 Metaspace       used 20041K, committed 20224K, reserved 1073152K
  class space    used 2042K, committed 2112K, reserved 1048576K
}
Event: 1.721 GC heap before
{Heap before GC invocations=2 (full 0):
 garbage-first heap   total 120832K, used 18875K [0x000000008a600000, 0x0000000100000000)
  region size 1024K, 13 young (13312K), 4 survivors (4096K)
 Metaspace       used 21353K, committed 21504K, reserved 1073152K
  class space    used 2212K, committed 2304K, reserved 1048576K
}
Event: 1.724 GC heap after
{Heap after GC invocations=3 (full 0):
 garbage-first heap   total 120832K, used 12188K [0x000000008a600000, 0x0000000100000000)
  region size 1024K, 5 young (5120K), 5 survivors (5120K)
 Metaspace       used 21353K, committed 21504K, reserved 1073152K
  class space    used 2212K, committed 2304K, reserved 1048576K
}
Event: 13.786 GC heap before
{Heap before GC invocations=4 (full 0):
 garbage-first heap   total 48128K, used 33692K [0x000000008a600000, 0x0000000100000000)
  region size 1024K, 28 young (28672K), 5 survivors (5120K)
 Metaspace       used 29508K, committed 29760K, reserved 1081344K
  class space    used 3279K, committed 3392K, reserved 1048576K
}
Event: 13.790 GC heap after
{Heap after GC invocations=5 (full 0):
 garbage-first heap   total 48128K, used 13941K [0x000000008a600000, 0x0000000100000000)
  region size 1024K, 4 young (4096K), 4 survivors (4096K)
 Metaspace       used 29508K, committed 29760K, reserved 1081344K
  class space    used 3279K, committed 3392K, reserved 1048576K
}
Event: 13.839 GC heap before
{Heap before GC invocations=5 (full 0):
 garbage-first heap   total 48128K, used 13941K [0x000000008a600000, 0x0000000100000000)
  region size 1024K, 5 young (5120K), 4 survivors (4096K)
 Metaspace       used 29698K, committed 29952K, reserved 1081344K
  class space    used 3292K, committed 3392K, reserved 1048576K
}
Event: 13.842 GC heap after
{Heap after GC invocations=6 (full 0):
 garbage-first heap   total 48128K, used 14700K [0x000000008a600000, 0x0000000100000000)
  region size 1024K, 1 young (1024K), 1 survivors (1024K)
 Metaspace       used 29698K, committed 29952K, reserved 1081344K
  class space    used 3292K, committed 3392K, reserved 1048576K
}
Event: 16.568 GC heap before
{Heap before GC invocations=6 (full 0):
 garbage-first heap   total 48128K, used 31084K [0x000000008a600000, 0x0000000100000000)
  region size 1024K, 18 young (18432K), 1 survivors (1024K)
 Metaspace       used 34254K, committed 34496K, reserved 1081344K
  class space    used 3918K, committed 4032K, reserved 1048576K
}
Event: 16.571 GC heap after
{Heap after GC invocations=7 (full 0):
 garbage-first heap   total 48128K, used 15344K [0x000000008a600000, 0x0000000100000000)
  region size 1024K, 2 young (2048K), 2 survivors (2048K)
 Metaspace       used 34254K, committed 34496K, reserved 1081344K
  class space    used 3918K, committed 4032K, reserved 1048576K
}
Event: 17.586 GC heap before
{Heap before GC invocations=7 (full 0):
 garbage-first heap   total 48128K, used 25584K [0x000000008a600000, 0x0000000100000000)
  region size 1024K, 8 young (8192K), 2 survivors (2048K)
 Metaspace       used 35727K, committed 35968K, reserved 1081344K
  class space    used 4149K, committed 4288K, reserved 1048576K
}
Event: 17.588 GC heap after
{Heap after GC invocations=8 (full 0):
 garbage-first heap   total 48128K, used 20798K [0x000000008a600000, 0x0000000100000000)
  region size 1024K, 2 young (2048K), 2 survivors (2048K)
 Metaspace       used 35727K, committed 35968K, reserved 1081344K
  class space    used 4149K, committed 4288K, reserved 1048576K
}
Event: 32.024 GC heap before
{Heap before GC invocations=9 (full 0):
 garbage-first heap   total 48128K, used 36158K [0x000000008a600000, 0x0000000100000000)
  region size 1024K, 17 young (17408K), 2 survivors (2048K)
 Metaspace       used 39604K, committed 39872K, reserved 1089536K
  class space    used 4600K, committed 4736K, reserved 1048576K
}
Event: 32.027 GC heap after
{Heap after GC invocations=10 (full 0):
 garbage-first heap   total 48128K, used 22174K [0x000000008a600000, 0x0000000100000000)
  region size 1024K, 3 young (3072K), 3 survivors (3072K)
 Metaspace       used 39604K, committed 39872K, reserved 1089536K
  class space    used 4600K, committed 4736K, reserved 1048576K
}
Event: 32.190 GC heap before
{Heap before GC invocations=10 (full 0):
 garbage-first heap   total 48128K, used 36510K [0x000000008a600000, 0x0000000100000000)
  region size 1024K, 17 young (17408K), 3 survivors (3072K)
 Metaspace       used 41507K, committed 41728K, reserved 1089536K
  class space    used 4836K, committed 4928K, reserved 1048576K
}
Event: 32.193 GC heap after
{Heap after GC invocations=11 (full 0):
 garbage-first heap   total 48128K, used 22776K [0x000000008a600000, 0x0000000100000000)
  region size 1024K, 2 young (2048K), 2 survivors (2048K)
 Metaspace       used 41507K, committed 41728K, reserved 1089536K
  class space    used 4836K, committed 4928K, reserved 1048576K
}
Event: 32.207 GC heap before
{Heap before GC invocations=11 (full 0):
 garbage-first heap   total 48128K, used 37112K [0x000000008a600000, 0x0000000100000000)
  region size 1024K, 16 young (16384K), 2 survivors (2048K)
 Metaspace       used 41507K, committed 41728K, reserved 1089536K
  class space    used 4836K, committed 4928K, reserved 1048576K
}
Event: 32.209 GC heap after
{Heap after GC invocations=12 (full 0):
 garbage-first heap   total 48128K, used 23217K [0x000000008a600000, 0x0000000100000000)
  region size 1024K, 2 young (2048K), 2 survivors (2048K)
 Metaspace       used 41507K, committed 41728K, reserved 1089536K
  class space    used 4836K, committed 4928K, reserved 1048576K
}
Event: 32.221 GC heap before
{Heap before GC invocations=12 (full 0):
 garbage-first heap   total 48128K, used 37553K [0x000000008a600000, 0x0000000100000000)
  region size 1024K, 16 young (16384K), 2 survivors (2048K)
 Metaspace       used 41507K, committed 41728K, reserved 1089536K
  class space    used 4836K, committed 4928K, reserved 1048576K
}
Event: 32.223 GC heap after
{Heap after GC invocations=13 (full 0):
 garbage-first heap   total 74752K, used 23575K [0x000000008a600000, 0x0000000100000000)
  region size 1024K, 2 young (2048K), 2 survivors (2048K)
 Metaspace       used 41507K, committed 41728K, reserved 1089536K
  class space    used 4836K, committed 4928K, reserved 1048576K
}

Deoptimization events (20 events):
Event: 32.515 Thread 0x000001df824508f0 Uncommon trap: trap_request=0xffffff45 fr.pc=0x000001dff0385654 relative=0x00000000000002b4
Event: 32.515 Thread 0x000001df824508f0 Uncommon trap: reason=unstable_if action=reinterpret pc=0x000001dff0385654 method=java.util.ArrayList.indexOfRange(Ljava/lang/Object;II)I @ 7 c2
Event: 32.515 Thread 0x000001df824508f0 DEOPT PACKING pc=0x000001dff0385654 sp=0x0000006013efd560
Event: 32.515 Thread 0x000001df824508f0 DEOPT UNPACKING pc=0x000001dfe87923a3 sp=0x0000006013efd4f0 mode 2
Event: 37.959 Thread 0x000001df824508f0 Uncommon trap: trap_request=0xffffffbe fr.pc=0x000001dff03ae2d4 relative=0x0000000000001894
Event: 37.959 Thread 0x000001df824508f0 Uncommon trap: reason=profile_predicate action=maybe_recompile pc=0x000001dff03ae2d4 method=jdk.internal.jimage.ImageStringsReader.stringFromByteBufferMatches(Ljava/nio/ByteBuffer;ILjava/lang/String;I)I @ 19 c2
Event: 37.959 Thread 0x000001df824508f0 DEOPT PACKING pc=0x000001dff03ae2d4 sp=0x0000006013efc7d0
Event: 37.959 Thread 0x000001df824508f0 DEOPT UNPACKING pc=0x000001dfe87923a3 sp=0x0000006013efc528 mode 2
Event: 37.959 Thread 0x000001df824508f0 Uncommon trap: trap_request=0xffffffbe fr.pc=0x000001dff03ae2d4 relative=0x0000000000001894
Event: 37.959 Thread 0x000001df824508f0 Uncommon trap: reason=profile_predicate action=maybe_recompile pc=0x000001dff03ae2d4 method=jdk.internal.jimage.ImageStringsReader.stringFromByteBufferMatches(Ljava/nio/ByteBuffer;ILjava/lang/String;I)I @ 19 c2
Event: 37.959 Thread 0x000001df824508f0 DEOPT PACKING pc=0x000001dff03ae2d4 sp=0x0000006013efc7d0
Event: 37.959 Thread 0x000001df824508f0 DEOPT UNPACKING pc=0x000001dfe87923a3 sp=0x0000006013efc528 mode 2
Event: 37.959 Thread 0x000001df824508f0 Uncommon trap: trap_request=0xffffffbe fr.pc=0x000001dff03ae2d4 relative=0x0000000000001894
Event: 37.959 Thread 0x000001df824508f0 Uncommon trap: reason=profile_predicate action=maybe_recompile pc=0x000001dff03ae2d4 method=jdk.internal.jimage.ImageStringsReader.stringFromByteBufferMatches(Ljava/nio/ByteBuffer;ILjava/lang/String;I)I @ 19 c2
Event: 37.959 Thread 0x000001df824508f0 DEOPT PACKING pc=0x000001dff03ae2d4 sp=0x0000006013efc7d0
Event: 37.959 Thread 0x000001df824508f0 DEOPT UNPACKING pc=0x000001dfe87923a3 sp=0x0000006013efc528 mode 2
Event: 37.959 Thread 0x000001df824508f0 Uncommon trap: trap_request=0xffffffbe fr.pc=0x000001dff03ae2d4 relative=0x0000000000001894
Event: 37.959 Thread 0x000001df824508f0 Uncommon trap: reason=profile_predicate action=maybe_recompile pc=0x000001dff03ae2d4 method=jdk.internal.jimage.ImageStringsReader.stringFromByteBufferMatches(Ljava/nio/ByteBuffer;ILjava/lang/String;I)I @ 19 c2
Event: 37.959 Thread 0x000001df824508f0 DEOPT PACKING pc=0x000001dff03ae2d4 sp=0x0000006013efc7d0
Event: 37.959 Thread 0x000001df824508f0 DEOPT UNPACKING pc=0x000001dfe87923a3 sp=0x0000006013efc528 mode 2

Classes unloaded (0 events):
No events

Classes redefined (0 events):
No events

Internal exceptions (20 events):
Event: 16.362 Thread 0x000001df824508f0 Exception <a 'java/lang/NoSuchMethodError'{0x000000008cae7428}: 'java.lang.Object java.lang.invoke.DirectMethodHandle$Holder.newInvokeSpecial(java.lang.Object, java.lang.Object, java.lang.Object, java.lang.Object, java.lang.Object)'> (0x000000008cae7428) 
thrown [e:\jenkins\tmp\workspace\build\src\src\hotspot\share\interpreter\linkResolver.cpp, line 766]
Event: 16.380 Thread 0x000001df824508f0 Exception <a 'java/lang/NoSuchMethodError'{0x000000008c9bbcb0}: 'int java.lang.invoke.DirectMethodHandle$Holder.invokeSpecialIFC(java.lang.Object, java.lang.Object, java.lang.Object)'> (0x000000008c9bbcb0) 
thrown [e:\jenkins\tmp\workspace\build\src\src\hotspot\share\interpreter\linkResolver.cpp, line 766]
Event: 16.400 Thread 0x000001df824508f0 Exception <a 'java/lang/NoSuchMethodError'{0x000000008c8add00}: 'void java.lang.invoke.DirectMethodHandle$Holder.invokeStatic(java.lang.Object, java.lang.Object, java.lang.Object, java.lang.Object)'> (0x000000008c8add00) 
thrown [e:\jenkins\tmp\workspace\build\src\src\hotspot\share\interpreter\linkResolver.cpp, line 766]
Event: 16.446 Thread 0x000001df824508f0 Exception <a 'java/lang/NoSuchMethodError'{0x000000008c6aa318}: 'void java.lang.invoke.DirectMethodHandle$Holder.invokeSpecial(java.lang.Object, java.lang.Object, java.lang.Object, java.lang.Object, java.lang.Object, java.lang.Object)'> (0x000000008c6aa318) 
thrown [e:\jenkins\tmp\workspace\build\src\src\hotspot\share\interpreter\linkResolver.cpp, line 766]
Event: 17.583 Thread 0x000001df824508f0 Exception <a 'java/lang/NoSuchMethodError'{0x0000000090fe8418}: 'java.lang.Object java.lang.invoke.DirectMethodHandle$Holder.invokeSpecialIFC(java.lang.Object, java.lang.Object, java.lang.Object)'> (0x0000000090fe8418) 
thrown [e:\jenkins\tmp\workspace\build\src\src\hotspot\share\interpreter\linkResolver.cpp, line 766]
Event: 17.619 Thread 0x000001df824508f0 Exception <a 'java/lang/NoSuchMethodError'{0x0000000091b7ba28}: 'java.lang.Object java.lang.invoke.DirectMethodHandle$Holder.invokeStatic(java.lang.Object, int, java.lang.Object)'> (0x0000000091b7ba28) 
thrown [e:\jenkins\tmp\workspace\build\src\src\hotspot\share\interpreter\linkResolver.cpp, line 766]
Event: 17.626 Thread 0x000001df824508f0 Exception <a 'java/lang/ClassNotFoundException'{0x0000000091ba9c10}: sun/util/logging/resources/spi/loggingProvider> (0x0000000091ba9c10) 
thrown [e:\jenkins\tmp\workspace\build\src\src\hotspot\share\classfile\systemDictionary.cpp, line 256]
Event: 31.860 Thread 0x000001df824508f0 Exception <a 'java/lang/NoSuchMethodError'{0x000000008c92a558}: 'int java.lang.invoke.DirectMethodHandle$Holder.invokeStaticInit(java.lang.Object, java.lang.Object, java.lang.Object)'> (0x000000008c92a558) 
thrown [e:\jenkins\tmp\workspace\build\src\src\hotspot\share\interpreter\linkResolver.cpp, line 766]
Event: 31.866 Thread 0x000001df824508f0 Exception <a 'java/lang/NoSuchMethodError'{0x000000008c950428}: 'void java.lang.invoke.DirectMethodHandle$Holder.invokeVirtual(java.lang.Object, java.lang.Object, java.lang.Object, java.lang.Object)'> (0x000000008c950428) 
thrown [e:\jenkins\tmp\workspace\build\src\src\hotspot\share\interpreter\linkResolver.cpp, line 766]
Event: 31.874 Thread 0x000001df824508f0 Exception <a 'java/lang/NoSuchMethodError'{0x000000008c9825f8}: 'void java.lang.invoke.DirectMethodHandle$Holder.invokeStatic(java.lang.Object, java.lang.Object, java.lang.Object, int)'> (0x000000008c9825f8) 
thrown [e:\jenkins\tmp\workspace\build\src\src\hotspot\share\interpreter\linkResolver.cpp, line 766]
Event: 31.874 Thread 0x000001df824508f0 Exception <a 'java/lang/NoSuchMethodError'{0x000000008c985d60}: 'void java.lang.invoke.DirectMethodHandle$Holder.invokeStaticInit(java.lang.Object, java.lang.Object, java.lang.Object, int)'> (0x000000008c985d60) 
thrown [e:\jenkins\tmp\workspace\build\src\src\hotspot\share\interpreter\linkResolver.cpp, line 766]
Event: 31.979 Thread 0x000001df824508f0 Exception <a 'java/lang/NoSuchMethodError'{0x000000008c5655b8}: 'java.lang.Object java.lang.invoke.DirectMethodHandle$Holder.invokeStaticInit(java.lang.Object, java.lang.Object, java.lang.Object)'> (0x000000008c5655b8) 
thrown [e:\jenkins\tmp\workspace\build\src\src\hotspot\share\interpreter\linkResolver.cpp, line 766]
Event: 31.979 Thread 0x000001df824508f0 Exception <a 'java/lang/NoSuchMethodError'{0x000000008c56b948}: 'java.lang.Object java.lang.invoke.DirectMethodHandle$Holder.invokeStatic(java.lang.Object, java.lang.Object, int, int)'> (0x000000008c56b948) 
thrown [e:\jenkins\tmp\workspace\build\src\src\hotspot\share\interpreter\linkResolver.cpp, line 766]
Event: 31.980 Thread 0x000001df824508f0 Exception <a 'java/lang/NoSuchMethodError'{0x000000008c56f3c0}: 'java.lang.Object java.lang.invoke.DirectMethodHandle$Holder.invokeStaticInit(java.lang.Object, java.lang.Object, int, int)'> (0x000000008c56f3c0) 
thrown [e:\jenkins\tmp\workspace\build\src\src\hotspot\share\interpreter\linkResolver.cpp, line 766]
Event: 32.114 Thread 0x000001df824508f0 Implicit null exception at 0x000001dff03178de to 0x000001dff03182b4
Event: 32.174 Thread 0x000001df824508f0 Exception <a 'java/lang/NoSuchMethodError'{0x000000008cdd82a0}: 'java.lang.Object java.lang.invoke.DirectMethodHandle$Holder.newInvokeSpecial(java.lang.Object, java.lang.Object, int, java.lang.Object)'> (0x000000008cdd82a0) 
thrown [e:\jenkins\tmp\workspace\build\src\src\hotspot\share\interpreter\linkResolver.cpp, line 766]
Event: 32.175 Thread 0x000001df824508f0 Exception <a 'java/lang/NoSuchMethodError'{0x000000008cddc928}: 'java.lang.Object java.lang.invoke.DirectMethodHandle$Holder.invokeSpecial(java.lang.Object, java.lang.Object, java.lang.Object, int, java.lang.Object)'> (0x000000008cddc928) 
thrown [e:\jenkins\tmp\workspace\build\src\src\hotspot\share\interpreter\linkResolver.cpp, line 766]
Event: 32.425 Thread 0x000001df824508f0 Exception <a 'java/lang/NoSuchMethodError'{0x000000008df15480}: 'java.lang.Object java.lang.invoke.DirectMethodHandle$Holder.invokeVirtual(java.lang.Object, java.lang.Object, int)'> (0x000000008df15480) 
thrown [e:\jenkins\tmp\workspace\build\src\src\hotspot\share\interpreter\linkResolver.cpp, line 766]
Event: 32.426 Thread 0x000001df824508f0 Exception <a 'java/lang/NoSuchMethodError'{0x000000008df27460}: 'void java.lang.invoke.DirectMethodHandle$Holder.invokeVirtual(java.lang.Object, java.lang.Object, int)'> (0x000000008df27460) 
thrown [e:\jenkins\tmp\workspace\build\src\src\hotspot\share\interpreter\linkResolver.cpp, line 766]
Event: 32.515 Thread 0x000001df824508f0 Implicit null exception at 0x000001dff03853d6 to 0x000001dff0385638

VM Operations (20 events):
Event: 18.604 Executing VM operation: Cleanup
Event: 18.604 Executing VM operation: Cleanup done
Event: 32.024 Executing VM operation: G1CollectForAllocation
Event: 32.027 Executing VM operation: G1CollectForAllocation done
Event: 32.172 Executing VM operation: HandshakeAllThreads
Event: 32.172 Executing VM operation: HandshakeAllThreads done
Event: 32.190 Executing VM operation: G1CollectForAllocation
Event: 32.193 Executing VM operation: G1CollectForAllocation done
Event: 32.207 Executing VM operation: G1CollectForAllocation
Event: 32.209 Executing VM operation: G1CollectForAllocation done
Event: 32.221 Executing VM operation: G1CollectForAllocation
Event: 32.223 Executing VM operation: G1CollectForAllocation done
Event: 32.233 Executing VM operation: G1Concurrent
Event: 32.235 Executing VM operation: G1Concurrent done
Event: 32.239 Executing VM operation: G1Concurrent
Event: 32.239 Executing VM operation: G1Concurrent done
Event: 32.636 Executing VM operation: HandshakeAllThreads
Event: 32.636 Executing VM operation: HandshakeAllThreads done
Event: 33.637 Executing VM operation: Cleanup
Event: 33.637 Executing VM operation: Cleanup done

Events (20 events):
Event: 32.289 loading class com/sun/org/apache/xerces/internal/util/URI
Event: 32.289 loading class com/sun/org/apache/xerces/internal/util/URI done
Event: 32.363 loading class java/util/ConcurrentModificationException
Event: 32.363 loading class java/util/ConcurrentModificationException done
Event: 32.432 loading class java/util/TreeMap$AscendingSubMap
Event: 32.432 loading class java/util/TreeMap$NavigableSubMap
Event: 32.433 loading class java/util/TreeMap$NavigableSubMap done
Event: 32.433 loading class java/util/TreeMap$AscendingSubMap done
Event: 32.433 loading class java/util/TreeMap$NavigableSubMap$SubMapKeyIterator
Event: 32.433 loading class java/util/TreeMap$NavigableSubMap$SubMapIterator
Event: 32.433 loading class java/util/TreeMap$NavigableSubMap$SubMapIterator done
Event: 32.433 loading class java/util/TreeMap$NavigableSubMap$SubMapKeyIterator done
Event: 32.486 loading class java/lang/annotation/ElementType
Event: 32.486 loading class java/lang/annotation/ElementType done
Event: 32.495 loading class java/util/AbstractList$ListItr
Event: 32.495 loading class java/util/AbstractList$ListItr done
Event: 32.692 loading class java/time/Instant$1
Event: 32.693 loading class java/time/Instant$1 done
Event: 33.982 Thread 0x000001df839933f0 Thread exited: 0x000001df839933f0
Event: 37.971 Thread 0x000001df83993e10 Thread added: 0x000001df83993e10


Dynamic libraries:
0x00007ff7b7c00000 - 0x00007ff7b7c0e000 	C:\Users\abhishek\.p2\pool\plugins\org.eclipse.justj.openjdk.hotspot.jre.full.win32.x86_64_17.0.2.v20220201-1208\jre\bin\javaw.exe
0x00007ffbdbb80000 - 0x00007ffbdbd89000 	C:\Windows\SYSTEM32\ntdll.dll
0x00007ffbdad30000 - 0x00007ffbdaded000 	C:\Windows\System32\KERNEL32.DLL
0x00007ffbd9130000 - 0x00007ffbd94a9000 	C:\Windows\System32\KERNELBASE.dll
0x00007ffbd94b0000 - 0x00007ffbd95c1000 	C:\Windows\System32\ucrtbase.dll
0x00007ffba9a40000 - 0x00007ffba9a58000 	C:\Users\abhishek\.p2\pool\plugins\org.eclipse.justj.openjdk.hotspot.jre.full.win32.x86_64_17.0.2.v20220201-1208\jre\bin\jli.dll
0x00007ffbdab50000 - 0x00007ffbdacfc000 	C:\Windows\System32\USER32.dll
0x00007ffbd9060000 - 0x00007ffbd9086000 	C:\Windows\System32\win32u.dll
0x00007ffbbce00000 - 0x00007ffbbd0a5000 	C:\Windows\WinSxS\amd64_microsoft.windows.common-controls_6595b64144ccf1df_6.0.22000.120_none_9d947278b86cc467\COMCTL32.dll
0x00007ffbdad00000 - 0x00007ffbdad29000 	C:\Windows\System32\GDI32.dll
0x00007ffbdb950000 - 0x00007ffbdb9f3000 	C:\Windows\System32\msvcrt.dll
0x00007ffbd9870000 - 0x00007ffbd9982000 	C:\Windows\System32\gdi32full.dll
0x00007ffbd9090000 - 0x00007ffbd912d000 	C:\Windows\System32\msvcp_win.dll
0x00007ffbc5450000 - 0x00007ffbc5469000 	C:\Users\abhishek\.p2\pool\plugins\org.eclipse.justj.openjdk.hotspot.jre.full.win32.x86_64_17.0.2.v20220201-1208\jre\bin\VCRUNTIME140.dll
0x00007ffbdb2a0000 - 0x00007ffbdb2d1000 	C:\Windows\System32\IMM32.DLL
0x00007ffbd61e0000 - 0x00007ffbd61ec000 	C:\Users\abhishek\.p2\pool\plugins\org.eclipse.justj.openjdk.hotspot.jre.full.win32.x86_64_17.0.2.v20220201-1208\jre\bin\vcruntime140_1.dll
0x00007ffba4f30000 - 0x00007ffba4fc1000 	C:\Users\abhishek\.p2\pool\plugins\org.eclipse.justj.openjdk.hotspot.jre.full.win32.x86_64_17.0.2.v20220201-1208\jre\bin\msvcp140.dll
0x00007ffb8d500000 - 0x00007ffb8e147000 	C:\Users\abhishek\.p2\pool\plugins\org.eclipse.justj.openjdk.hotspot.jre.full.win32.x86_64_17.0.2.v20220201-1208\jre\bin\server\jvm.dll
0x00007ffbdb180000 - 0x00007ffbdb22e000 	C:\Windows\System32\ADVAPI32.dll
0x00007ffbdb7e0000 - 0x00007ffbdb87e000 	C:\Windows\System32\sechost.dll
0x00007ffbda7c0000 - 0x00007ffbda8e0000 	C:\Windows\System32\RPCRT4.dll
0x00007ffbda7b0000 - 0x00007ffbda7b8000 	C:\Windows\System32\PSAPI.DLL
0x00007ffbd3ac0000 - 0x00007ffbd3ac9000 	C:\Windows\SYSTEM32\WSOCK32.dll
0x00007ffbdb880000 - 0x00007ffbdb8ef000 	C:\Windows\System32\WS2_32.dll
0x00007ffbd3850000 - 0x00007ffbd3883000 	C:\Windows\SYSTEM32\WINMM.dll
0x00007ffbd0f70000 - 0x00007ffbd0f7a000 	C:\Windows\SYSTEM32\VERSION.dll
0x00007ffbd8160000 - 0x00007ffbd8178000 	C:\Windows\SYSTEM32\kernel.appcore.dll
0x00007ffbc4490000 - 0x00007ffbc449a000 	C:\Users\abhishek\.p2\pool\plugins\org.eclipse.justj.openjdk.hotspot.jre.full.win32.x86_64_17.0.2.v20220201-1208\jre\bin\jimage.dll
0x00007ffbc67e0000 - 0x00007ffbc6a01000 	C:\Windows\SYSTEM32\DBGHELP.DLL
0x00007ffbc5ef0000 - 0x00007ffbc5f21000 	C:\Windows\SYSTEM32\dbgcore.DLL
0x00007ffbd9990000 - 0x00007ffbd9a0f000 	C:\Windows\System32\bcryptPrimitives.dll
0x00007ffba9a10000 - 0x00007ffba9a35000 	C:\Users\abhishek\.p2\pool\plugins\org.eclipse.justj.openjdk.hotspot.jre.full.win32.x86_64_17.0.2.v20220201-1208\jre\bin\java.dll
0x00007ffbd1170000 - 0x00007ffbd1188000 	C:\Users\abhishek\.p2\pool\plugins\org.eclipse.justj.openjdk.hotspot.jre.full.win32.x86_64_17.0.2.v20220201-1208\jre\bin\zip.dll
0x00007ffbd9a10000 - 0x00007ffbda1c8000 	C:\Windows\System32\SHELL32.dll
0x00007ffbd7150000 - 0x00007ffbd79b8000 	C:\Windows\SYSTEM32\windows.storage.dll
0x00007ffbdadf0000 - 0x00007ffbdb169000 	C:\Windows\System32\combase.dll
0x00007ffbd6fe0000 - 0x00007ffbd7146000 	C:\Windows\SYSTEM32\wintypes.dll
0x00007ffbda360000 - 0x00007ffbda44a000 	C:\Windows\System32\SHCORE.dll
0x00007ffbdb8f0000 - 0x00007ffbdb94d000 	C:\Windows\System32\shlwapi.dll
0x00007ffbd8f90000 - 0x00007ffbd8fb1000 	C:\Windows\SYSTEM32\profapi.dll
0x00007ffbc7800000 - 0x00007ffbc7819000 	C:\Users\abhishek\.p2\pool\plugins\org.eclipse.justj.openjdk.hotspot.jre.full.win32.x86_64_17.0.2.v20220201-1208\jre\bin\net.dll
0x00007ffbd3510000 - 0x00007ffbd361c000 	C:\Windows\SYSTEM32\WINHTTP.dll
0x00007ffbd8590000 - 0x00007ffbd85f7000 	C:\Windows\system32\mswsock.dll
0x00007ffbc77e0000 - 0x00007ffbc77f5000 	C:\Users\abhishek\.p2\pool\plugins\org.eclipse.justj.openjdk.hotspot.jre.full.win32.x86_64_17.0.2.v20220201-1208\jre\bin\nio.dll
0x00007ffbd7c30000 - 0x00007ffbd7d18000 	C:\Windows\SYSTEM32\DNSAPI.dll
0x00007ffbd7c00000 - 0x00007ffbd7c2d000 	C:\Windows\SYSTEM32\IPHLPAPI.DLL
0x00007ffbdb170000 - 0x00007ffbdb179000 	C:\Windows\System32\NSI.dll
0x00007ffbcd870000 - 0x00007ffbcd87a000 	C:\Windows\System32\rasadhlp.dll
0x00007ffbd15c0000 - 0x00007ffbd1641000 	C:\Windows\System32\fwpuclnt.dll
0x00007ffbd87e0000 - 0x00007ffbd87f8000 	C:\Windows\SYSTEM32\CRYPTSP.dll
0x00007ffbd80c0000 - 0x00007ffbd80f5000 	C:\Windows\system32\rsaenh.dll
0x00007ffbd8680000 - 0x00007ffbd86a9000 	C:\Windows\SYSTEM32\USERENV.dll
0x00007ffbd8950000 - 0x00007ffbd8977000 	C:\Windows\SYSTEM32\bcrypt.dll
0x00007ffbd87d0000 - 0x00007ffbd87dc000 	C:\Windows\SYSTEM32\CRYPTBASE.dll
0x00007ffbd3810000 - 0x00007ffbd3829000 	C:\Windows\SYSTEM32\dhcpcsvc6.DLL
0x00007ffbd3a20000 - 0x00007ffbd3a3e000 	C:\Windows\SYSTEM32\dhcpcsvc.DLL
0x00007ffbd6260000 - 0x00007ffbd6270000 	C:\Users\abhishek\.p2\pool\plugins\org.eclipse.justj.openjdk.hotspot.jre.full.win32.x86_64_17.0.2.v20220201-1208\jre\bin\verify.dll
0x00007ffbd3ba0000 - 0x00007ffbd3bae000 	C:\Users\abhishek\.p2\pool\plugins\org.eclipse.justj.openjdk.hotspot.jre.full.win32.x86_64_17.0.2.v20220201-1208\jre\bin\sunmscapi.dll
0x00007ffbd95d0000 - 0x00007ffbd9732000 	C:\Windows\System32\CRYPT32.dll
0x00007ffbd8920000 - 0x00007ffbd8948000 	C:\Windows\SYSTEM32\ncrypt.dll
0x00007ffbd88e0000 - 0x00007ffbd8917000 	C:\Windows\SYSTEM32\NTASN1.dll
0x00007ffbd57a0000 - 0x00007ffbd57a9000 	C:\Users\abhishek\.p2\pool\plugins\org.eclipse.justj.openjdk.hotspot.jre.full.win32.x86_64_17.0.2.v20220201-1208\jre\bin\management.dll
0x00007ffbd3e80000 - 0x00007ffbd3e8b000 	C:\Users\abhishek\.p2\pool\plugins\org.eclipse.justj.openjdk.hotspot.jre.full.win32.x86_64_17.0.2.v20220201-1208\jre\bin\management_ext.dll
0x00007ffbd5780000 - 0x00007ffbd5788000 	C:\Windows\system32\wshunix.dll
0x00007ffbbf790000 - 0x00007ffbbf7a7000 	C:\Windows\system32\napinsp.dll
0x00007ffbc0450000 - 0x00007ffbc046b000 	C:\Windows\system32\pnrpnsp.dll
0x00007ffbc0860000 - 0x00007ffbc0872000 	C:\Windows\System32\winrnr.dll
0x00007ffbd1650000 - 0x00007ffbd1665000 	C:\Windows\system32\wshbth.dll
0x00007ffbc7ad0000 - 0x00007ffbc7aef000 	C:\Windows\system32\nlansp_c.dll

dbghelp: loaded successfully - version: 4.0.5 - missing functions: none
symbol engine: initialized successfully - sym options: 0x614 - pdb path: .;C:\Users\abhishek\.p2\pool\plugins\org.eclipse.justj.openjdk.hotspot.jre.full.win32.x86_64_17.0.2.v20220201-1208\jre\bin;C:\Windows\SYSTEM32;C:\Windows\WinSxS\amd64_microsoft.windows.common-controls_6595b64144ccf1df_6.0.22000.120_none_9d947278b86cc467;C:\Users\abhishek\.p2\pool\plugins\org.eclipse.justj.openjdk.hotspot.jre.full.win32.x86_64_17.0.2.v20220201-1208\jre\bin\server

VM Arguments:
jvm_args: -ea -Dfile.encoding=Cp1252 -XX:+ShowCodeDetailsInExceptionMessages 
java_command: org.testng.remote.RemoteTestNG -serport 58567 -protocol json -d C:\Users\abhishek\eclipse-workspace\priya\framework\test-output C:\Users\abhishek\eclipse-workspace\priya\framework\testng.xml
java_class_path (initial): C:\Users\abhishek\eclipse\java-2022-03\eclipse\configuration\org.eclipse.osgi\433\0\.cp\lib\testng-remote.jar;C:\Users\abhishek\eclipse-workspace\priya\framework\target\test-classes;C:\Users\abhishek\eclipse-workspace\priya\framework\target\classes;C:\Users\abhishek\.m2\repository\org\seleniumhq\selenium\selenium-java\4.3.0\selenium-java-4.3.0.jar;C:\Users\abhishek\.m2\repository\org\seleniumhq\selenium\selenium-api\4.3.0\selenium-api-4.3.0.jar;C:\Users\abhishek\.m2\repository\org\seleniumhq\selenium\selenium-chrome-driver\4.3.0\selenium-chrome-driver-4.3.0.jar;C:\Users\abhishek\.m2\repository\com\google\auto\service\auto-service-annotations\1.0.1\auto-service-annotations-1.0.1.jar;C:\Users\abhishek\.m2\repository\com\google\auto\service\auto-service\1.0.1\auto-service-1.0.1.jar;C:\Users\abhishek\.m2\repository\com\google\auto\auto-common\1.2\auto-common-1.2.jar;C:\Users\abhishek\.m2\repository\com\google\guava\guava\31.1-jre\guava-31.1-jre.jar;C:\Users\abhishek\.m2\repository\com\google\guava\failureaccess\1.0.1\failureaccess-1.0.1.jar;C:\Users\abhishek\.m2\repository\com\google\guava\listenablefuture\9999.0-empty-to-avoid-conflict-with-guava\listenablefuture-9999.0-empty-to-avoid-conflict-with-guava.jar;C:\Users\abhishek\.m2\repository\com\google\code\findbugs\jsr305\3.0.2\jsr305-3.0.2.jar;C:\Users\abhishek\.m2\repository\org\checkerframework\checker-qual\3.12.0\checker-qual-3.12.0.jar;C:\Users\abhishek\.m2\repository\com\google\errorprone\error_prone_annotations\2.11.0\error_prone_annotations-2.11.0.jar;C:\Users\abhishek\.m2\repository\com\google\j2objc\j2objc-annotations\1.3\j2objc-annotations-1.3.jar;C:\Users\abhishek\.m2\repository\org\seleniumhq\selenium\selenium-chromium-driver\4.3.0\selenium-chromium-driver-4.3.0.jar;C:\Users\abhishek\.m2\repository\org\seleniumhq\selenium\selenium-json\4.3.0\selenium-json-4.3.0.jar;C:\Users\abhishek\.m2\repository\org\seleniumhq\selenium\selenium-devtools-v101\4.3.0\selenium-devtools-v101-4.3.0
Launcher Type: SUN_STANDARD

[Global flags]
     intx CICompilerCount                          = 4                                         {product} {ergonomic}
     uint ConcGCThreads                            = 3                                         {product} {ergonomic}
     uint G1ConcRefinementThreads                  = 10                                        {product} {ergonomic}
   size_t G1HeapRegionSize                         = 1048576                                   {product} {ergonomic}
    uintx GCDrainStackTargetSize                   = 64                                        {product} {ergonomic}
   size_t InitialHeapSize                          = 123731968                                 {product} {ergonomic}
   size_t MarkStackSize                            = 4194304                                   {product} {ergonomic}
   size_t MaxHeapSize                              = 1973420032                                {product} {ergonomic}
   size_t MaxNewSize                               = 1183842304                                {product} {ergonomic}
   size_t MinHeapDeltaBytes                        = 1048576                                   {product} {ergonomic}
   size_t MinHeapSize                              = 8388608                                   {product} {ergonomic}
    uintx NonNMethodCodeHeapSize                   = 5839372                                {pd product} {ergonomic}
    uintx NonProfiledCodeHeapSize                  = 122909434                              {pd product} {ergonomic}
    uintx ProfiledCodeHeapSize                     = 122909434                              {pd product} {ergonomic}
    uintx ReservedCodeCacheSize                    = 251658240                              {pd product} {ergonomic}
     bool SegmentedCodeCache                       = true                                      {product} {ergonomic}
     bool ShowCodeDetailsInExceptionMessages       = true                                   {manageable} {command line}
   size_t SoftMaxHeapSize                          = 1973420032                             {manageable} {ergonomic}
     bool UseCompressedClassPointers               = true                           {product lp64_product} {ergonomic}
     bool UseCompressedOops                        = true                           {product lp64_product} {ergonomic}
     bool UseG1GC                                  = true                                      {product} {ergonomic}
     bool UseLargePagesIndividualAllocation        = false                                  {pd product} {ergonomic}

Logging:
Log output configuration:
 #0: stdout all=warning uptime,level,tags
 #1: stderr all=off uptime,level,tags

Environment Variables:
PATH=C:/Users/abhishek/.p2/pool/plugins/org.eclipse.justj.openjdk.hotspot.jre.full.win32.x86_64_17.0.2.v20220201-1208/jre/bin/server;C:/Users/abhishek/.p2/pool/plugins/org.eclipse.justj.openjdk.hotspot.jre.full.win32.x86_64_17.0.2.v20220201-1208/jre/bin;C:\Program Files (x86)\Common Files\Oracle\Java\javapath;C:\Windows\system32;C:\Windows;C:\Windows\System32\Wbem;C:\Windows\System32\WindowsPowerShell\v1.0\;C:\Windows\System32\OpenSSH\;C:\Users\abhishek\AppData\Local\Microsoft\WindowsApps;;C:\Users\abhishek\OneDrive\Desktop;
USERNAME=abhishek
OS=Windows_NT
PROCESSOR_IDENTIFIER=AMD64 Family 25 Model 80 Stepping 0, AuthenticAMD



---------------  S Y S T E M  ---------------

OS:
 Windows 11 , 64 bit Build 22000 (10.0.22000.708)
OS uptime: 10 days 23:03 hours

CPU: total 12 (initial active 12) (12 cores per cpu, 2 threads per core) family 25 model 80 stepping 0 microcode 0x0, cx8, cmov, fxsr, ht, mmx, 3dnowpref, sse, sse2, sse3, ssse3, sse4a, sse4.1, sse4.2, popcnt, lzcnt, tsc, tscinvbit, avx, avx2, aes, erms, clmul, bmi1, bmi2, adx, sha, fma, vzeroupper, clflush, clflushopt

Memory: 4k page, system-wide physical 7524M (497M free)
TotalPageFile size 18759M (AvailPageFile size 17M)
current process WorkingSet (physical memory assigned to process): 190M, peak: 204M
current process commit charge ("private bytes"): 238M, peak: 264M

vm_info: OpenJDK 64-Bit Server VM (17.0.2+8) for windows-amd64 JRE (17.0.2+8), built on Jan 20 2022 04:52:34 by "" with MS VC++ 16.7 (VS2019)

END.
